Sun Feb 03 15:57:01 CET 2019 : Apache Derby Network Server - 10.14.2.0 - (1828579) started and ready to accept connections on port 1527
----------------------------------------------------------------
Sun Feb 03 15:57:17 CET 2019:
Booting Derby version The Apache Software Foundation - Apache Derby - 10.14.2.0 - (1828579): instance a816c00e-0168-b3dc-d67a-000006d7fae8 
on database directory C:\Users\julia\Desktop\HTL\4BHIF\NVS\Prof. Stütz\1819-4bhif-nvs-assignment06-jpa-JulianNobis\Tennisclubadministration\sampledb with class loader sun.misc.Launcher$AppClassLoader@610455d6 
Loaded from file:/C:/Program%20Files/opt/db-derby-10.14.2.0-bin/lib/derby.jar
java.vendor=Oracle Corporation
java.runtime.version=1.8.0_181-b13
user.dir=C:\Users\julia\Desktop\HTL\4BHIF\NVS\Prof. Stütz\1819-4bhif-nvs-assignment06-jpa-JulianNobis\Tennisclubadministration
os.name=Windows 10
os.arch=amd64
os.version=10.0
derby.system.home=null
Database Class Loader started - derby.database.classpath=''
----------------------------------------------------------------
Sun Feb 03 16:45:20 CET 2019:
Booting Derby version The Apache Software Foundation - Apache Derby - 10.14.2.0 - (1828579): instance 16e300d9-0168-b3dc-d67a-000006d7fae8 
on database directory C:\Users\julia\Desktop\HTL\4BHIF\NVS\Prof. Stütz\1819-4bhif-nvs-assignment06-jpa-JulianNobis\Tennisclubadministration\db with class loader sun.misc.Launcher$AppClassLoader@610455d6 
Loaded from file:/C:/Program%20Files/opt/db-derby-10.14.2.0-bin/lib/derby.jar
java.vendor=Oracle Corporation
java.runtime.version=1.8.0_181-b13
user.dir=C:\Users\julia\Desktop\HTL\4BHIF\NVS\Prof. Stütz\1819-4bhif-nvs-assignment06-jpa-JulianNobis\Tennisclubadministration
os.name=Windows 10
os.arch=amd64
os.version=10.0
derby.system.home=null
Database Class Loader started - derby.database.classpath=''
